# JRE version: OpenJDK Runtime Environment (24.0.1+9) (build 24.0.1+9-30)
# Java VM: OpenJDK 64-Bit Server VM (24.0.1+9-30, mixed mode, emulated-client, sharing, tiered, compressed oops, compressed class ptrs, g1 gc, windows-amd64)
GC Precious Log:
 CardTable entry size: 512
 Card Set container configuration: InlinePtr #cards 5 size 8 Array Of Cards #cards 10 size 36 Howl #buckets 4 coarsen threshold 1843 Howl Bitmap #cards 512 size 80 coarsen threshold 460 Card regions per heap region 1 cards per card region 2048
 CPUs: 4 total, 4 available
 Memory: 3974M
 Large Page Support: Disabled
 NUMA Support: Disabled
 Compressed Oops: Enabled (32-bit)
 Heap Region Size: 1M
 Heap Min Capacity: 8M
 Heap Initial Capacity: 64M
 Heap Max Capacity: 994M
 Pre-touch: Disabled
 Parallel Workers: 4
 Concurrent Workers: 1
 Concurrent Refinement Workers: 4
 Periodic GC: Disabled
Heap:
 garbage-first heap   total reserved 1017856K, committed 68608K, used 57230K [0x00000000c1e00000, 0x0000000100000000)
  region size 1024K, 20 young (20480K), 3 survivors (3072K)
 Metaspace       used 84561K, committed 85248K, reserved 1179648K
  class space    used 9443K, committed 9728K, reserved 1048576K
GC Heap History (20 events):
Event: 43.126 GC heap before
{Heap before GC invocations=21 (full 0):
 garbage-first heap   total reserved 1017856K, committed 55296K, used 47873K [0x00000000c1e00000, 0x0000000100000000)
  region size 1024K, 17 young (17408K), 2 survivors (2048K)
 Metaspace       used 67561K, committed 68096K, reserved 1114112K
  class space    used 7399K, committed 7616K, reserved 1048576K
}
Event: 43.157 GC heap after
{Heap after GC invocations=22 (full 0):
 garbage-first heap   total reserved 1017856K, committed 55296K, used 33575K [0x00000000c1e00000, 0x0000000100000000)
  region size 1024K, 3 young (3072K), 3 survivors (3072K)
 Metaspace       used 67561K, committed 68096K, reserved 1114112K
  class space    used 7399K, committed 7616K, reserved 1048576K
}
Event: 44.988 GC heap before
{Heap before GC invocations=22 (full 0):
 garbage-first heap   total reserved 1017856K, committed 55296K, used 46887K [0x00000000c1e00000, 0x0000000100000000)
  region size 1024K, 16 young (16384K), 3 survivors (3072K)
 Metaspace       used 68923K, committed 69504K, reserved 1114112K
  class space    used 7604K, committed 7808K, reserved 1048576K
}
Event: 45.005 GC heap after
{Heap after GC invocations=23 (full 0):
 garbage-first heap   total reserved 1017856K, committed 55296K, used 34491K [0x00000000c1e00000, 0x0000000100000000)
  region size 1024K, 1 young (1024K), 1 survivors (1024K)
 Metaspace       used 68923K, committed 69504K, reserved 1114112K
  class space    used 7604K, committed 7808K, reserved 1048576K
}
Event: 45.651 GC heap before
{Heap before GC invocations=24 (full 0):
 garbage-first heap   total reserved 1017856K, committed 58368K, used 49851K [0x00000000c1e00000, 0x0000000100000000)
  region size 1024K, 16 young (16384K), 1 survivors (1024K)
 Metaspace       used 69822K, committed 70400K, reserved 1114112K
  class space    used 7738K, committed 7936K, reserved 1048576K
}
Event: 45.656 GC heap after
{Heap after GC invocations=25 (full 0):
 garbage-first heap   total reserved 1017856K, committed 58368K, used 35437K [0x00000000c1e00000, 0x0000000100000000)
  region size 1024K, 2 young (2048K), 2 survivors (2048K)
 Metaspace       used 69822K, committed 70400K, reserved 1114112K
  class space    used 7738K, committed 7936K, reserved 1048576K
}
Event: 48.184 GC heap before
{Heap before GC invocations=25 (full 0):
 garbage-first heap   total reserved 1017856K, committed 58368K, used 51821K [0x00000000c1e00000, 0x0000000100000000)
  region size 1024K, 18 young (18432K), 2 survivors (2048K)
 Metaspace       used 71124K, committed 71808K, reserved 1114112K
  class space    used 7891K, committed 8192K, reserved 1048576K
}
Event: 48.201 GC heap after
{Heap after GC invocations=26 (full 0):
 garbage-first heap   total reserved 1017856K, committed 58368K, used 36133K [0x00000000c1e00000, 0x0000000100000000)
  region size 1024K, 3 young (3072K), 3 survivors (3072K)
 Metaspace       used 71124K, committed 71808K, reserved 1114112K
  class space    used 7891K, committed 8192K, reserved 1048576K
}
Event: 49.291 GC heap before
{Heap before GC invocations=26 (full 0):
 garbage-first heap   total reserved 1017856K, committed 58368K, used 50469K [0x00000000c1e00000, 0x0000000100000000)
  region size 1024K, 17 young (17408K), 3 survivors (3072K)
 Metaspace       used 72411K, committed 73152K, reserved 1114112K
  class space    used 8059K, committed 8384K, reserved 1048576K
}
Event: 49.302 GC heap after
{Heap after GC invocations=27 (full 0):
 garbage-first heap   total reserved 1017856K, committed 58368K, used 37137K [0x00000000c1e00000, 0x0000000100000000)
  region size 1024K, 3 young (3072K), 3 survivors (3072K)
 Metaspace       used 72411K, committed 73152K, reserved 1114112K
  class space    used 8059K, committed 8384K, reserved 1048576K
}
Event: 50.786 GC heap before
{Heap before GC invocations=28 (full 0):
 garbage-first heap   total reserved 1017856K, committed 65536K, used 49425K [0x00000000c1e00000, 0x0000000100000000)
  region size 1024K, 15 young (15360K), 3 survivors (3072K)
 Metaspace       used 75351K, committed 75968K, reserved 1179648K
  class space    used 8302K, committed 8576K, reserved 1048576K
}
Event: 50.793 GC heap after
{Heap after GC invocations=29 (full 0):
 garbage-first heap   total reserved 1017856K, committed 65536K, used 38270K [0x00000000c1e00000, 0x0000000100000000)
  region size 1024K, 2 young (2048K), 2 survivors (2048K)
 Metaspace       used 75351K, committed 75968K, reserved 1179648K
  class space    used 8302K, committed 8576K, reserved 1048576K
}
Event: 52.204 GC heap before
{Heap before GC invocations=29 (full 0):
 garbage-first heap   total reserved 1017856K, committed 65536K, used 57726K [0x00000000c1e00000, 0x0000000100000000)
  region size 1024K, 22 young (22528K), 2 survivors (2048K)
 Metaspace       used 77182K, committed 77888K, reserved 1179648K
  class space    used 8518K, committed 8832K, reserved 1048576K
}
Event: 52.219 GC heap after
{Heap after GC invocations=30 (full 0):
 garbage-first heap   total reserved 1017856K, committed 65536K, used 38844K [0x00000000c1e00000, 0x0000000100000000)
  region size 1024K, 3 young (3072K), 3 survivors (3072K)
 Metaspace       used 77182K, committed 77888K, reserved 1179648K
  class space    used 8518K, committed 8832K, reserved 1048576K
}
Event: 52.948 GC heap before
{Heap before GC invocations=30 (full 0):
 garbage-first heap   total reserved 1017856K, committed 65536K, used 57276K [0x00000000c1e00000, 0x0000000100000000)
  region size 1024K, 21 young (21504K), 3 survivors (3072K)
 Metaspace       used 78401K, committed 79040K, reserved 1179648K
  class space    used 8669K, committed 8960K, reserved 1048576K
}
Event: 52.956 GC heap after
{Heap after GC invocations=31 (full 0):
 garbage-first heap   total reserved 1017856K, committed 65536K, used 40471K [0x00000000c1e00000, 0x0000000100000000)
  region size 1024K, 3 young (3072K), 3 survivors (3072K)
 Metaspace       used 78401K, committed 79040K, reserved 1179648K
  class space    used 8669K, committed 8960K, reserved 1048576K
}
Event: 74.393 GC heap before
{Heap before GC invocations=32 (full 0):
 garbage-first heap   total reserved 1017856K, committed 68608K, used 57879K [0x00000000c1e00000, 0x0000000100000000)
  region size 1024K, 20 young (20480K), 3 survivors (3072K)
 Metaspace       used 79582K, committed 80256K, reserved 1179648K
  class space    used 8865K, committed 9152K, reserved 1048576K
}
Event: 74.436 GC heap after
{Heap after GC invocations=33 (full 0):
 garbage-first heap   total reserved 1017856K, committed 68608K, used 41261K [0x00000000c1e00000, 0x0000000100000000)
  region size 1024K, 3 young (3072K), 3 survivors (3072K)
 Metaspace       used 79582K, committed 80256K, reserved 1179648K
  class space    used 8865K, committed 9152K, reserved 1048576K
}
Event: 327.304 GC heap before
{Heap before GC invocations=33 (full 0):
 garbage-first heap   total reserved 1017856K, committed 68608K, used 59693K [0x00000000c1e00000, 0x0000000100000000)
  region size 1024K, 22 young (22528K), 3 survivors (3072K)
 Metaspace       used 83826K, committed 84480K, reserved 1179648K
  class space    used 9366K, committed 9664K, reserved 1048576K
}
Event: 327.852 GC heap after
{Heap after GC invocations=34 (full 0):
 garbage-first heap   total reserved 1017856K, committed 68608K, used 41870K [0x00000000c1e00000, 0x0000000100000000)
  region size 1024K, 3 young (3072K), 3 survivors (3072K)
 Metaspace       used 83826K, committed 84480K, reserved 1179648K
  class space    used 9366K, committed 9664K, reserved 1048576K
}

